# JRE version: Java(TM) SE Runtime Environment (8.0_201-b09) (build 1.8.0_201-b09)
# Java VM: Java HotSpot(TM) 64-Bit Server VM (25.201-b09 mixed mode windows-amd64 compressed oops)
Heap:
 PSYoungGen      total 257536K, used 244501K [0x00000000eb580000, 0x00000000fdc00000, 0x0000000100000000)
  eden space 246784K, 94% used [0x00000000eb580000,0x00000000f99cb588,0x00000000fa680000)
  from space 10752K, 99% used [0x00000000fd180000,0x00000000fdbf9fc8,0x00000000fdc00000)
  to   space 14848K, 0% used [0x00000000fbf00000,0x00000000fbf00000,0x00000000fcd80000)
 ParOldGen       total 47616K, used 22471K [0x00000000c2000000, 0x00000000c4e80000, 0x00000000eb580000)
  object space 47616K, 47% used [0x00000000c2000000,0x00000000c35f1e80,0x00000000c4e80000)
 Metaspace       used 54977K, capacity 58372K, committed 58624K, reserved 1099776K
  class space    used 7771K, capacity 8378K, committed 8448K, reserved 1048576K
GC Heap History (10 events):
Event: 4.639 GC heap before
{Heap before GC invocations=10 (full 1):
 PSYoungGen      total 133120K, used 124928K [0x00000000eb580000, 0x00000000f3f80000, 0x0000000100000000)
  eden space 124928K, 100% used [0x00000000eb580000,0x00000000f2f80000,0x00000000f2f80000)
  from space 8192K, 0% used [0x00000000f3780000,0x00000000f3780000,0x00000000f3f80000)
  to   space 8192K, 0% used [0x00000000f2f80000,0x00000000f2f80000,0x00000000f3780000)
 ParOldGen       total 28160K, used 7069K [0x00000000c2000000, 0x00000000c3b80000, 0x00000000eb580000)
  object space 28160K, 25% used [0x00000000c2000000,0x00000000c26e7598,0x00000000c3b80000)
 Metaspace       used 23751K, capacity 24968K, committed 25216K, reserved 1071104K
  class space    used 3288K, capacity 3608K, committed 3712K, reserved 1048576K
Event: 4.648 GC heap after
Heap after GC invocations=10 (full 1):
 PSYoungGen      total 133120K, used 7008K [0x00000000eb580000, 0x00000000f7f80000, 0x0000000100000000)
  eden space 124928K, 0% used [0x00000000eb580000,0x00000000eb580000,0x00000000f2f80000)
  from space 8192K, 85% used [0x00000000f2f80000,0x00000000f3658058,0x00000000f3780000)
  to   space 8704K, 0% used [0x00000000f7700000,0x00000000f7700000,0x00000000f7f80000)
 ParOldGen       total 28160K, used 7077K [0x00000000c2000000, 0x00000000c3b80000, 0x00000000eb580000)
  object space 28160K, 25% used [0x00000000c2000000,0x00000000c26e9598,0x00000000c3b80000)
 Metaspace       used 23751K, capacity 24968K, committed 25216K, reserved 1071104K
  class space    used 3288K, capacity 3608K, committed 3712K, reserved 1048576K
}
Event: 6.169 GC heap before
{Heap before GC invocations=11 (full 1):
 PSYoungGen      total 133120K, used 131936K [0x00000000eb580000, 0x00000000f7f80000, 0x0000000100000000)
  eden space 124928K, 100% used [0x00000000eb580000,0x00000000f2f80000,0x00000000f2f80000)
  from space 8192K, 85% used [0x00000000f2f80000,0x00000000f3658058,0x00000000f3780000)
  to   space 8704K, 0% used [0x00000000f7700000,0x00000000f7700000,0x00000000f7f80000)
 ParOldGen       total 28160K, used 7077K [0x00000000c2000000, 0x00000000c3b80000, 0x00000000eb580000)
  object space 28160K, 25% used [0x00000000c2000000,0x00000000c26e9598,0x00000000c3b80000)
 Metaspace       used 30721K, capacity 32778K, committed 33024K, reserved 1077248K
  class space    used 4359K, capacity 4775K, committed 4864K, reserved 1048576K
Event: 6.217 GC heap after
Heap after GC invocations=11 (full 1):
 PSYoungGen      total 195584K, used 8703K [0x00000000eb580000, 0x00000000f8380000, 0x0000000100000000)
  eden space 186880K, 0% used [0x00000000eb580000,0x00000000eb580000,0x00000000f6c00000)
  from space 8704K, 99% used [0x00000000f7700000,0x00000000f7f7ff00,0x00000000f7f80000)
  to   space 11264K, 0% used [0x00000000f6c00000,0x00000000f6c00000,0x00000000f7700000)
 ParOldGen       total 28160K, used 10613K [0x00000000c2000000, 0x00000000c3b80000, 0x00000000eb580000)
  object space 28160K, 37% used [0x00000000c2000000,0x00000000c2a5d410,0x00000000c3b80000)
 Metaspace       used 30721K, capacity 32778K, committed 33024K, reserved 1077248K
  class space    used 4359K, capacity 4775K, committed 4864K, reserved 1048576K
}
Event: 6.764 GC heap before
{Heap before GC invocations=12 (full 1):
 PSYoungGen      total 195584K, used 120576K [0x00000000eb580000, 0x00000000f8380000, 0x0000000100000000)
  eden space 186880K, 59% used [0x00000000eb580000,0x00000000f22c0140,0x00000000f6c00000)
  from space 8704K, 99% used [0x00000000f7700000,0x00000000f7f7ff00,0x00000000f7f80000)
  to   space 11264K, 0% used [0x00000000f6c00000,0x00000000f6c00000,0x00000000f7700000)
 ParOldGen       total 28160K, used 10613K [0x00000000c2000000, 0x00000000c3b80000, 0x00000000eb580000)
  object space 28160K, 37% used [0x00000000c2000000,0x00000000c2a5d410,0x00000000c3b80000)
 Metaspace       used 33199K, capacity 35302K, committed 35416K, reserved 1079296K
  class space    used 4601K, capacity 5021K, committed 5120K, reserved 1048576K
Event: 6.785 GC heap after
Heap after GC invocations=12 (full 1):
 PSYoungGen      total 198144K, used 3252K [0x00000000eb580000, 0x00000000fdc00000, 0x0000000100000000)
  eden space 186880K, 0% used [0x00000000eb580000,0x00000000eb580000,0x00000000f6c00000)
  from space 11264K, 28% used [0x00000000f6c00000,0x00000000f6f2d330,0x00000000f7700000)
  to   space 10752K, 0% used [0x00000000fd180000,0x00000000fd180000,0x00000000fdc00000)
 ParOldGen       total 28160K, used 17692K [0x00000000c2000000, 0x00000000c3b80000, 0x00000000eb580000)
  object space 28160K, 62% used [0x00000000c2000000,0x00000000c3147078,0x00000000c3b80000)
 Metaspace       used 33199K, capacity 35302K, committed 35416K, reserved 1079296K
  class space    used 4601K, capacity 5021K, committed 5120K, reserved 1048576K
}
Event: 6.785 GC heap before
{Heap before GC invocations=13 (full 2):
 PSYoungGen      total 198144K, used 3252K [0x00000000eb580000, 0x00000000fdc00000, 0x0000000100000000)
  eden space 186880K, 0% used [0x00000000eb580000,0x00000000eb580000,0x00000000f6c00000)
  from space 11264K, 28% used [0x00000000f6c00000,0x00000000f6f2d330,0x00000000f7700000)
  to   space 10752K, 0% used [0x00000000fd180000,0x00000000fd180000,0x00000000fdc00000)
 ParOldGen       total 28160K, used 17692K [0x00000000c2000000, 0x00000000c3b80000, 0x00000000eb580000)
  object space 28160K, 62% used [0x00000000c2000000,0x00000000c3147078,0x00000000c3b80000)
 Metaspace       used 33199K, capacity 35302K, committed 35416K, reserved 1079296K
  class space    used 4601K, capacity 5021K, committed 5120K, reserved 1048576K
Event: 6.980 GC heap after
Heap after GC invocations=13 (full 2):
 PSYoungGen      total 198144K, used 0K [0x00000000eb580000, 0x00000000fdc00000, 0x0000000100000000)
  eden space 186880K, 0% used [0x00000000eb580000,0x00000000eb580000,0x00000000f6c00000)
  from space 11264K, 0% used [0x00000000f6c00000,0x00000000f6c00000,0x00000000f7700000)
  to   space 10752K, 0% used [0x00000000fd180000,0x00000000fd180000,0x00000000fdc00000)
 ParOldGen       total 47616K, used 15553K [0x00000000c2000000, 0x00000000c4e80000, 0x00000000eb580000)
  object space 47616K, 32% used [0x00000000c2000000,0x00000000c2f30588,0x00000000c4e80000)
 Metaspace       used 33199K, capacity 35302K, committed 35416K, reserved 1079296K
  class space    used 4601K, capacity 5021K, committed 5120K, reserved 1048576K
}
Event: 9.632 GC heap before
{Heap before GC invocations=14 (full 2):
 PSYoungGen      total 198144K, used 186880K [0x00000000eb580000, 0x00000000fdc00000, 0x0000000100000000)
  eden space 186880K, 100% used [0x00000000eb580000,0x00000000f6c00000,0x00000000f6c00000)
  from space 11264K, 0% used [0x00000000f6c00000,0x00000000f6c00000,0x00000000f7700000)
  to   space 10752K, 0% used [0x00000000fd180000,0x00000000fd180000,0x00000000fdc00000)
 ParOldGen       total 47616K, used 15553K [0x00000000c2000000, 0x00000000c4e80000, 0x00000000eb580000)
  object space 47616K, 32% used [0x00000000c2000000,0x00000000c2f30588,0x00000000c4e80000)
 Metaspace       used 46072K, capacity 48584K, committed 48896K, reserved 1091584K
  class space    used 6388K, capacity 6870K, committed 6912K, reserved 1048576K
Event: 9.720 GC heap after
Heap after GC invocations=14 (full 2):
 PSYoungGen      total 257536K, used 10727K [0x00000000eb580000, 0x00000000fdc00000, 0x0000000100000000)
  eden space 246784K, 0% used [0x00000000eb580000,0x00000000eb580000,0x00000000fa680000)
  from space 10752K, 99% used [0x00000000fd180000,0x00000000fdbf9fc8,0x00000000fdc00000)
  to   space 14848K, 0% used [0x00000000fbf00000,0x00000000fbf00000,0x00000000fcd80000)
 ParOldGen       total 47616K, used 22471K [0x00000000c2000000, 0x00000000c4e80000, 0x00000000eb580000)
  object space 47616K, 47% used [0x00000000c2000000,0x00000000c35f1e80,0x00000000c4e80000)
 Metaspace       used 46072K, capacity 48584K, committed 48896K, reserved 1091584K
  class space    used 6388K, capacity 6870K, committed 6912K, reserved 1048576K
}

